<beans xmlns="http://www.springframework.org/schema/beans"
       xmlns:xsi="http://www.w3.org/2001/XMLSchema-instance"
       xmlns:jeda-core="http://www.intervale.ru/schema/jeda-core"
       xmlns:jeda-jeconnection="http://www.intervale.ru/schema/jeda-jeconnection"
       xmlns:jeda-persistentqueue="http://www.intervale.ru/schema/jeda-persistentqueue"
       xsi:schemaLocation="http://www.springframework.org/schema/beans
               http://www.springframework.org/schema/beans/spring-beans-3.0.xsd
               http://www.intervale.ru/schema/jeda-core http://www.intervale.ru/schema/jeda-core.xsd
               http://www.intervale.ru/schema/jeda-jeconnection http://www.intervale.ru/schema/jeda-jeconnection.xsd
               http://www.intervale.ru/schema/jeda-persistentqueue http://www.intervale.ru/schema/jeda-persistentqueue.xsd">

    <jeda-core:stage path="TestStage31">
        <jeda-persistentqueue:jdbc-queue maxSize="500000"/>
        <jeda-core:smooth-resource-controller startBatchSize="1000" maxThreadCount="4"/>
        <jeda-core:event-processor
                class="ru.kwanza.jeda.persistentqueue.springintegration.TestEventProcessor"/>
        <jeda-core:stage-thread-manager threadNamePrefix="TestStage30"/>
    </jeda-core:stage>

    <jeda-core:stage path="${merchantId}/TestStage32">
        <jeda-persistentqueue:jdbc-queue maxSize="100000" idColumn="id"
                                             eventColumn="data"
                                             tableName="event_queue"
                                             queueNameColumn="queue_name"
                                             nodeIdColumn="node_id"
                                             dbtool="dbtool.dbtool"
                                             timerName="default"
                                             autoKey="autokey.IAutoKey"/>
        <jeda-core:static-resource-controller/>
        <jeda-core:event-processor
                class="ru.kwanza.jeda.persistentqueue.springintegration.TestEventProcessor"/>
        <jeda-core:stage-thread-manager threadNamePrefix="TestStage30"/>
    </jeda-core:stage>

    <jeda-jeconnection:factory id="berkeleyFactory" path="./target/berkeley_db/"
                                   lockingTimeout="1000"/>

    <jeda-core:stage path="TestStage33">
        <jeda-persistentqueue:berkeley-queue dbName="test_queue" connectionFactory="berkeleyFactory"
                                                 maxSize="1000000"/>
        <jeda-core:smooth-resource-controller startBatchSize="1000" maxThreadCount="4"/>
        <jeda-core:event-processor
                class="ru.kwanza.jeda.persistentqueue.springintegration.TestEventProcessor"/>
        <jeda-core:stage-thread-manager threadNamePrefix="TestStage33"/>
    </jeda-core:stage>

</beans>